#
# There is insufficient memory for the Java Runtime Environment to continue.
# Native memory allocation (malloc) failed to allocate 442576 bytes for Chunk::new
# Possible reasons:
#   The system is out of physical RAM or swap space
#   The process is running with CompressedOops enabled, and the Java Heap may be blocking the growth of the native heap
# Possible solutions:
#   Reduce memory load on the system
#   Increase physical memory or swap space
#   Check if swap backing store is full
#   Decrease Java heap size (-Xmx/-Xms)
#   Decrease number of Java threads
#   Decrease Java thread stack sizes (-Xss)
#   Set larger code cache with -XX:ReservedCodeCacheSize=
#   JVM is running with Unscaled Compressed Oops mode in which the Java heap is
#     placed in the first 4GB address space. The Java Heap base address is the
#     maximum limit for the native heap growth. Please use -XX:HeapBaseMinAddress
#     to set the Java Heap base and to place the Java Heap above 4GB virtual address.
# This output file may be truncated or incomplete.
#
#  Out of Memory Error (t:/workspace/open/src/hotspot/share/memory/arena.cpp:197), pid=8692, tid=9712
#
# JRE version: Java(TM) SE Runtime Environment (11.0.1+13) (build 11.0.1+13-LTS)
# Java VM: Java HotSpot(TM) 64-Bit Server VM (11.0.1+13-LTS, mixed mode, tiered, compressed oops, g1 gc, windows-amd64)
# No core dump will be written. Minidumps are not enabled by default on client versions of Windows
#

---------------  S U M M A R Y ------------

Command Line: -javaagent:C:\Users\Stephen\AppData\Local\JetBrains\Toolbox\apps\IDEA-C\ch-0\183.4886.37\lib\idea_rt.jar=60016:C:\Users\Stephen\AppData\Local\JetBrains\Toolbox\apps\IDEA-C\ch-0\183.4886.37\bin -Dfile.encoding=UTF-8 com.interswitch.testclientserver.TestClientServerApplication

Host: Intel(R) Celeron(R) CPU 1005M @ 1.90GHz, 2 cores, 7G,  Windows 10 , 64 bit Build 17134 (10.0.17134.556)
Time: Mon Jan 21 16:05:19 2019 W. Central Africa Standard Time elapsed time: 21 seconds (0d 0h 0m 21s)

---------------  T H R E A D  ---------------

Current thread (0x000001ac7821c800):  JavaThread "C2 CompilerThread0" daemon [_thread_in_native, id=9712, stack(0x000000266fb00000,0x000000266fc00000)]


Current CompileTask:
C2:  21401 3869       4       org.springframework.core.annotation.AnnotationUtils::getDeclaredAnnotations (39 bytes)

Stack: [0x000000266fb00000,0x000000266fc00000]
Native frames: (J=compiled Java code, j=interpreted, Vv=VM code, C=native code)
V  [jvm.dll+0x63c21a]
V  [jvm.dll+0x7797df]
V  [jvm.dll+0x77adca]
V  [jvm.dll+0x77b483]
V  [jvm.dll+0x2627f8]
V  [jvm.dll+0xc5c71]
V  [jvm.dll+0xc61fc]
V  [jvm.dll+0x36f8a7]
V  [jvm.dll+0x1ad7a1]
V  [jvm.dll+0x21c8d2]
V  [jvm.dll+0x21b96a]
V  [jvm.dll+0x198390]
V  [jvm.dll+0x22a97f]
V  [jvm.dll+0x228f98]
V  [jvm.dll+0x73f03d]
V  [jvm.dll+0x63b2b2]
C  [ucrtbase.dll+0x1c4ce]
C  [KERNEL32.DLL+0x13dc4]
C  [ntdll.dll+0x73691]


---------------  P R O C E S S  ---------------

Threads class SMR info:
_java_thread_list=0x000001ac7bedef80, length=11, elements={
0x000001ac5a1e1000, 0x000001ac78200000, 0x000001ac78201800, 0x000001ac78a81800,
0x000001ac78a82800, 0x000001ac7821c800, 0x000001ac78a3d000, 0x000001ac78a3f000,
0x000001ac78bcd000, 0x000001ac791d5800, 0x000001ac791d6800
}

Java Threads: ( => current thread )
  0x000001ac5a1e1000 JavaThread "main" [_thread_in_native, id=9080, stack(0x000000266f000000,0x000000266f100000)]
  0x000001ac78200000 JavaThread "Reference Handler" daemon [_thread_blocked, id=1824, stack(0x000000266f700000,0x000000266f800000)]
  0x000001ac78201800 JavaThread "Finalizer" daemon [_thread_blocked, id=2184, stack(0x000000266f800000,0x000000266f900000)]
  0x000001ac78a81800 JavaThread "Signal Dispatcher" daemon [_thread_blocked, id=9668, stack(0x000000266f900000,0x000000266fa00000)]
  0x000001ac78a82800 JavaThread "Attach Listener" daemon [_thread_blocked, id=7572, stack(0x000000266fa00000,0x000000266fb00000)]
=>0x000001ac7821c800 JavaThread "C2 CompilerThread0" daemon [_thread_in_native, id=9712, stack(0x000000266fb00000,0x000000266fc00000)]
  0x000001ac78a3d000 JavaThread "C1 CompilerThread0" daemon [_thread_blocked, id=11788, stack(0x000000266fc00000,0x000000266fd00000)]
  0x000001ac78a3f000 JavaThread "Sweeper thread" daemon [_thread_blocked, id=12108, stack(0x000000266fd00000,0x000000266fe00000)]
  0x000001ac78bcd000 JavaThread "Common-Cleaner" daemon [_thread_blocked, id=2320, stack(0x000000266fe00000,0x000000266ff00000)]
  0x000001ac791d5800 JavaThread "Monitor Ctrl-Break" daemon [_thread_in_native, id=11808, stack(0x0000002670000000,0x0000002670100000)]
  0x000001ac791d6800 JavaThread "Service Thread" daemon [_thread_blocked, id=7756, stack(0x0000002670100000,0x0000002670200000)]

Other Threads:
  0x000001ac781db800 VMThread "VM Thread" [stack: 0x000000266f600000,0x000000266f700000] [id=4372]
  0x000001ac791d7000 WatcherThread [stack: 0x0000002670200000,0x0000002670300000] [id=9644]
  0x000001ac5a1f5000 GCTaskThread "GC Thread#0" [stack: 0x000000266f100000,0x000000266f200000] [id=9464]
  0x000001ac78c10000 GCTaskThread "GC Thread#1" [stack: 0x000000266ff00000,0x0000002670000000] [id=13236]
  0x000001ac5a226000 ConcurrentGCThread "G1 Main Marker" [stack: 0x000000266f200000,0x000000266f300000] [id=4644]
  0x000001ac5a227800 ConcurrentGCThread "G1 Conc#0" [stack: 0x000000266f300000,0x000000266f400000] [id=12552]
  0x000001ac5a29e000 ConcurrentGCThread "G1 Refine#0" [stack: 0x000000266f400000,0x000000266f500000] [id=13140]
  0x000001ac78040800 ConcurrentGCThread "G1 Young RemSet Sampling" [stack: 0x000000266f500000,0x000000266f600000] [id=13028]

Threads with active compile tasks:
C2 CompilerThread03869       4       org.springframework.core.annotation.AnnotationUtils::getDeclaredAnnotations (39 bytes)

VM state:not at safepoint (normal execution)

VM Mutex/Monitor currently owned by a thread: None

Heap address: 0x0000000081800000, size: 2024 MB, Compressed Oops mode: 32-bit
Narrow klass base: 0x0000000000000000, Narrow klass shift: 3
Compressed class space size: 1073741824 Address: 0x0000000100000000

Heap:
 garbage-first heap   total 131072K, used 58297K [0x0000000081800000, 0x0000000100000000)
  region size 1024K, 48 young (49152K), 5 survivors (5120K)
 Metaspace       used 38604K, capacity 39517K, committed 39728K, reserved 1083392K
  class space    used 4550K, capacity 4891K, committed 4992K, reserved 1048576K
Heap Regions: E=young(eden), S=young(survivor), O=old, HS=humongous(starts), HC=humongous(continues), CS=collection set, F=free, A=archive, TAMS=top-at-mark-start (previous, next)
|   0|0x0000000081800000, 0x0000000081900000, 0x0000000081900000|100%| O|  |TAMS 0x0000000081900000, 0x0000000081800000| Untracked 
|   1|0x0000000081900000, 0x0000000081a00000, 0x0000000081a00000|100%| O|  |TAMS 0x0000000081a00000, 0x0000000081900000| Untracked 
|   2|0x0000000081a00000, 0x0000000081b00000, 0x0000000081b00000|100%| O|  |TAMS 0x0000000081b00000, 0x0000000081a00000| Untracked 
|   3|0x0000000081b00000, 0x0000000081c00000, 0x0000000081c00000|100%| O|  |TAMS 0x0000000081c00000, 0x0000000081b00000| Untracked 
|   4|0x0000000081c00000, 0x0000000081d00000, 0x0000000081d00000|100%| O|  |TAMS 0x0000000081d00000, 0x0000000081c00000| Untracked 
|   5|0x0000000081d00000, 0x0000000081e00000, 0x0000000081e00000|100%| O|  |TAMS 0x0000000081e00000, 0x0000000081d00000| Untracked 
|   6|0x0000000081e00000, 0x0000000081f00000, 0x0000000081f00000|100%| O|  |TAMS 0x0000000081f00000, 0x0000000081e00000| Untracked 
|   7|0x0000000081f00000, 0x0000000082000000, 0x0000000082000000|100%| O|  |TAMS 0x0000000082000000, 0x0000000081f00000| Untracked 
|   8|0x0000000082000000, 0x0000000082100000, 0x0000000082100000|100%| O|  |TAMS 0x0000000082100000, 0x0000000082000000| Untracked 
|   9|0x0000000082100000, 0x00000000821ee600, 0x0000000082200000| 93%| O|  |TAMS 0x00000000821ee600, 0x0000000082100000| Untracked 
|  10|0x0000000082200000, 0x0000000082200000, 0x0000000082300000|  0%| F|  |TAMS 0x0000000082200000, 0x0000000082200000| Untracked 
|  11|0x0000000082300000, 0x0000000082300000, 0x0000000082400000|  0%| F|  |TAMS 0x0000000082300000, 0x0000000082300000| Untracked 
|  12|0x0000000082400000, 0x0000000082400000, 0x0000000082500000|  0%| F|  |TAMS 0x0000000082400000, 0x0000000082400000| Untracked 
|  13|0x0000000082500000, 0x0000000082500000, 0x0000000082600000|  0%| F|  |TAMS 0x0000000082500000, 0x0000000082500000| Untracked 
|  14|0x0000000082600000, 0x0000000082600000, 0x0000000082700000|  0%| F|  |TAMS 0x0000000082600000, 0x0000000082600000| Untracked 
|  15|0x0000000082700000, 0x0000000082700000, 0x0000000082800000|  0%| F|  |TAMS 0x0000000082700000, 0x0000000082700000| Untracked 
|  16|0x0000000082800000, 0x0000000082800000, 0x0000000082900000|  0%| F|  |TAMS 0x0000000082800000, 0x0000000082800000| Untracked 
|  17|0x0000000082900000, 0x0000000082900000, 0x0000000082a00000|  0%| F|  |TAMS 0x0000000082900000, 0x0000000082900000| Untracked 
|  18|0x0000000082a00000, 0x0000000082a00000, 0x0000000082b00000|  0%| F|  |TAMS 0x0000000082a00000, 0x0000000082a00000| Untracked 
|  19|0x0000000082b00000, 0x0000000082b00000, 0x0000000082c00000|  0%| F|  |TAMS 0x0000000082b00000, 0x0000000082b00000| Untracked 
|  20|0x0000000082c00000, 0x0000000082c00000, 0x0000000082d00000|  0%| F|  |TAMS 0x0000000082c00000, 0x0000000082c00000| Untracked 
|  21|0x0000000082d00000, 0x0000000082d00000, 0x0000000082e00000|  0%| F|  |TAMS 0x0000000082d00000, 0x0000000082d00000| Untracked 
|  22|0x0000000082e00000, 0x0000000082e00000, 0x0000000082f00000|  0%| F|  |TAMS 0x0000000082e00000, 0x0000000082e00000| Untracked 
|  23|0x0000000082f00000, 0x0000000082f00000, 0x0000000083000000|  0%| F|  |TAMS 0x0000000082f00000, 0x0000000082f00000| Untracked 
|  24|0x0000000083000000, 0x0000000083000000, 0x0000000083100000|  0%| F|  |TAMS 0x0000000083000000, 0x0000000083000000| Untracked 
|  25|0x0000000083100000, 0x0000000083100000, 0x0000000083200000|  0%| F|  |TAMS 0x0000000083100000, 0x0000000083100000| Untracked 
|  26|0x0000000083200000, 0x0000000083200000, 0x0000000083300000|  0%| F|  |TAMS 0x0000000083200000, 0x0000000083200000| Untracked 
|  27|0x0000000083300000, 0x0000000083300000, 0x0000000083400000|  0%| F|  |TAMS 0x0000000083300000, 0x0000000083300000| Untracked 
|  28|0x0000000083400000, 0x0000000083400000, 0x0000000083500000|  0%| F|  |TAMS 0x0000000083400000, 0x0000000083400000| Untracked 
|  29|0x0000000083500000, 0x0000000083500000, 0x0000000083600000|  0%| F|  |TAMS 0x0000000083500000, 0x0000000083500000| Untracked 
|  30|0x0000000083600000, 0x0000000083600000, 0x0000000083700000|  0%| F|  |TAMS 0x0000000083600000, 0x0000000083600000| Untracked 
|  31|0x0000000083700000, 0x0000000083700000, 0x0000000083800000|  0%| F|  |TAMS 0x0000000083700000, 0x0000000083700000| Untracked 
|  32|0x0000000083800000, 0x0000000083800000, 0x0000000083900000|  0%| F|  |TAMS 0x0000000083800000, 0x0000000083800000| Untracked 
|  33|0x0000000083900000, 0x0000000083900000, 0x0000000083a00000|  0%| F|  |TAMS 0x0000000083900000, 0x0000000083900000| Untracked 
|  34|0x0000000083a00000, 0x0000000083a00000, 0x0000000083b00000|  0%| F|  |TAMS 0x0000000083a00000, 0x0000000083a00000| Untracked 
|  35|0x0000000083b00000, 0x0000000083b00000, 0x0000000083c00000|  0%| F|  |TAMS 0x0000000083b00000, 0x0000000083b00000| Untracked 
|  36|0x0000000083c00000, 0x0000000083c00000, 0x0000000083d00000|  0%| F|  |TAMS 0x0000000083c00000, 0x0000000083c00000| Untracked 
|  37|0x0000000083d00000, 0x0000000083d00000, 0x0000000083e00000|  0%| F|  |TAMS 0x0000000083d00000, 0x0000000083d00000| Untracked 
|  38|0x0000000083e00000, 0x0000000083e00000, 0x0000000083f00000|  0%| F|  |TAMS 0x0000000083e00000, 0x0000000083e00000| Untracked 
|  39|0x0000000083f00000, 0x0000000083f00000, 0x0000000084000000|  0%| F|  |TAMS 0x0000000083f00000, 0x0000000083f00000| Untracked 
|  40|0x0000000084000000, 0x0000000084000000, 0x0000000084100000|  0%| F|  |TAMS 0x0000000084000000, 0x0000000084000000| Untracked 
|  41|0x0000000084100000, 0x0000000084100000, 0x0000000084200000|  0%| F|  |TAMS 0x0000000084100000, 0x0000000084100000| Untracked 
|  42|0x0000000084200000, 0x0000000084200000, 0x0000000084300000|  0%| F|  |TAMS 0x0000000084200000, 0x0000000084200000| Untracked 
|  43|0x0000000084300000, 0x0000000084300000, 0x0000000084400000|  0%| F|  |TAMS 0x0000000084300000, 0x0000000084300000| Untracked 
|  44|0x0000000084400000, 0x0000000084400000, 0x0000000084500000|  0%| F|  |TAMS 0x0000000084400000, 0x0000000084400000| Untracked 
|  45|0x0000000084500000, 0x0000000084500000, 0x0000000084600000|  0%| F|  |TAMS 0x0000000084500000, 0x0000000084500000| Untracked 
|  46|0x0000000084600000, 0x0000000084600000, 0x0000000084700000|  0%| F|  |TAMS 0x0000000084600000, 0x0000000084600000| Untracked 
|  47|0x0000000084700000, 0x0000000084700000, 0x0000000084800000|  0%| F|  |TAMS 0x0000000084700000, 0x0000000084700000| Untracked 
|  48|0x0000000084800000, 0x0000000084800000, 0x0000000084900000|  0%| F|  |TAMS 0x0000000084800000, 0x0000000084800000| Untracked 
|  49|0x0000000084900000, 0x0000000084900000, 0x0000000084a00000|  0%| F|  |TAMS 0x0000000084900000, 0x0000000084900000| Untracked 
|  50|0x0000000084a00000, 0x0000000084a00000, 0x0000000084b00000|  0%| F|  |TAMS 0x0000000084a00000, 0x0000000084a00000| Untracked 
|  51|0x0000000084b00000, 0x0000000084b00000, 0x0000000084c00000|  0%| F|  |TAMS 0x0000000084b00000, 0x0000000084b00000| Untracked 
|  52|0x0000000084c00000, 0x0000000084c00000, 0x0000000084d00000|  0%| F|  |TAMS 0x0000000084c00000, 0x0000000084c00000| Untracked 
|  53|0x0000000084d00000, 0x0000000084d00000, 0x0000000084e00000|  0%| F|  |TAMS 0x0000000084d00000, 0x0000000084d00000| Untracked 
|  54|0x0000000084e00000, 0x0000000084e00000, 0x0000000084f00000|  0%| F|  |TAMS 0x0000000084e00000, 0x0000000084e00000| Untracked 
|  55|0x0000000084f00000, 0x0000000084f00000, 0x0000000085000000|  0%| F|  |TAMS 0x0000000084f00000, 0x0000000084f00000| Untracked 
|  56|0x0000000085000000, 0x0000000085000000, 0x0000000085100000|  0%| F|  |TAMS 0x0000000085000000, 0x0000000085000000| Untracked 
|  57|0x0000000085100000, 0x0000000085100000, 0x0000000085200000|  0%| F|  |TAMS 0x0000000085100000, 0x0000000085100000| Untracked 
|  58|0x0000000085200000, 0x0000000085200000, 0x0000000085300000|  0%| F|  |TAMS 0x0000000085200000, 0x0000000085200000| Untracked 
|  59|0x0000000085300000, 0x0000000085300000, 0x0000000085400000|  0%| F|  |TAMS 0x0000000085300000, 0x0000000085300000| Untracked 
|  60|0x0000000085400000, 0x0000000085400000, 0x0000000085500000|  0%| F|  |TAMS 0x0000000085400000, 0x0000000085400000| Untracked 
|  61|0x0000000085500000, 0x0000000085500000, 0x0000000085600000|  0%| F|  |TAMS 0x0000000085500000, 0x0000000085500000| Untracked 
|  62|0x0000000085600000, 0x0000000085600000, 0x0000000085700000|  0%| F|  |TAMS 0x0000000085600000, 0x0000000085600000| Untracked 
|  63|0x0000000085700000, 0x0000000085700000, 0x0000000085800000|  0%| F|  |TAMS 0x0000000085700000, 0x0000000085700000| Untracked 
|  64|0x0000000085800000, 0x0000000085800000, 0x0000000085900000|  0%| F|  |TAMS 0x0000000085800000, 0x0000000085800000| Untracked 
|  65|0x0000000085900000, 0x0000000085900000, 0x0000000085a00000|  0%| F|  |TAMS 0x0000000085900000, 0x0000000085900000| Untracked 
|  66|0x0000000085a00000, 0x0000000085a00000, 0x0000000085b00000|  0%| F|  |TAMS 0x0000000085a00000, 0x0000000085a00000| Untracked 
|  67|0x0000000085b00000, 0x0000000085b00000, 0x0000000085c00000|  0%| F|  |TAMS 0x0000000085b00000, 0x0000000085b00000| Untracked 
|  68|0x0000000085c00000, 0x0000000085c00000, 0x0000000085d00000|  0%| F|  |TAMS 0x0000000085c00000, 0x0000000085c00000| Untracked 
|  69|0x0000000085d00000, 0x0000000085d00000, 0x0000000085e00000|  0%| F|  |TAMS 0x0000000085d00000, 0x0000000085d00000| Untracked 
|  70|0x0000000085e00000, 0x0000000085e00000, 0x0000000085f00000|  0%| F|  |TAMS 0x0000000085e00000, 0x0000000085e00000| Untracked 
|  71|0x0000000085f00000, 0x0000000085f00000, 0x0000000086000000|  0%| F|  |TAMS 0x0000000085f00000, 0x0000000085f00000| Untracked 
|  72|0x0000000086000000, 0x0000000086000000, 0x0000000086100000|  0%| F|  |TAMS 0x0000000086000000, 0x0000000086000000| Untracked 
|  73|0x0000000086100000, 0x0000000086100000, 0x0000000086200000|  0%| F|  |TAMS 0x0000000086100000, 0x0000000086100000| Untracked 
|  74|0x0000000086200000, 0x0000000086200000, 0x0000000086300000|  0%| F|  |TAMS 0x0000000086200000, 0x0000000086200000| Untracked 
|  75|0x0000000086300000, 0x0000000086300000, 0x0000000086400000|  0%| F|  |TAMS 0x0000000086300000, 0x0000000086300000| Untracked 
|  76|0x0000000086400000, 0x0000000086400000, 0x0000000086500000|  0%| F|  |TAMS 0x0000000086400000, 0x0000000086400000| Untracked 
|  77|0x0000000086500000, 0x0000000086500000, 0x0000000086600000|  0%| F|  |TAMS 0x0000000086500000, 0x0000000086500000| Untracked 
|  78|0x0000000086600000, 0x0000000086600000, 0x0000000086700000|  0%| F|  |TAMS 0x0000000086600000, 0x0000000086600000| Untracked 
|  79|0x0000000086700000, 0x0000000086700000, 0x0000000086800000|  0%| F|  |TAMS 0x0000000086700000, 0x0000000086700000| Untracked 
|  80|0x0000000086800000, 0x0000000086880800, 0x0000000086900000| 50%| E|  |TAMS 0x0000000086800000, 0x0000000086800000| Complete 
|  81|0x0000000086900000, 0x0000000086a00000, 0x0000000086a00000|100%| E|CS|TAMS 0x0000000086900000, 0x0000000086900000| Complete 
|  82|0x0000000086a00000, 0x0000000086b00000, 0x0000000086b00000|100%| E|CS|TAMS 0x0000000086a00000, 0x0000000086a00000| Complete 
|  83|0x0000000086b00000, 0x0000000086c00000, 0x0000000086c00000|100%| E|CS|TAMS 0x0000000086b00000, 0x0000000086b00000| Complete 
|  84|0x0000000086c00000, 0x0000000086d00000, 0x0000000086d00000|100%| E|CS|TAMS 0x0000000086c00000, 0x0000000086c00000| Complete 
|  85|0x0000000086d00000, 0x0000000086e00000, 0x0000000086e00000|100%| E|CS|TAMS 0x0000000086d00000, 0x0000000086d00000| Complete 
|  86|0x0000000086e00000, 0x0000000086f00000, 0x0000000086f00000|100%| E|CS|TAMS 0x0000000086e00000, 0x0000000086e00000| Complete 
|  87|0x0000000086f00000, 0x0000000087000000, 0x0000000087000000|100%| E|CS|TAMS 0x0000000086f00000, 0x0000000086f00000| Complete 
|  88|0x0000000087000000, 0x0000000087100000, 0x0000000087100000|100%| E|CS|TAMS 0x0000000087000000, 0x0000000087000000| Complete 
|  89|0x0000000087100000, 0x0000000087200000, 0x0000000087200000|100%| E|CS|TAMS 0x0000000087100000, 0x0000000087100000| Complete 
|  90|0x0000000087200000, 0x0000000087300000, 0x0000000087300000|100%| E|CS|TAMS 0x0000000087200000, 0x0000000087200000| Complete 
|  91|0x0000000087300000, 0x0000000087400000, 0x0000000087400000|100%| E|CS|TAMS 0x0000000087300000, 0x0000000087300000| Complete 
|  92|0x0000000087400000, 0x0000000087500000, 0x0000000087500000|100%| E|CS|TAMS 0x0000000087400000, 0x0000000087400000| Complete 
|  93|0x0000000087500000, 0x0000000087600000, 0x0000000087600000|100%| E|CS|TAMS 0x0000000087500000, 0x0000000087500000| Complete 
|  94|0x0000000087600000, 0x0000000087700000, 0x0000000087700000|100%| E|CS|TAMS 0x0000000087600000, 0x0000000087600000| Complete 
|  95|0x0000000087700000, 0x0000000087800000, 0x0000000087800000|100%| E|CS|TAMS 0x0000000087700000, 0x0000000087700000| Complete 
|  96|0x0000000087800000, 0x0000000087900000, 0x0000000087900000|100%| E|CS|TAMS 0x0000000087800000, 0x0000000087800000| Complete 
|  97|0x0000000087900000, 0x0000000087a00000, 0x0000000087a00000|100%| E|CS|TAMS 0x0000000087900000, 0x0000000087900000| Complete 
|  98|0x0000000087a00000, 0x0000000087b00000, 0x0000000087b00000|100%| E|CS|TAMS 0x0000000087a00000, 0x0000000087a00000| Complete 
|  99|0x0000000087b00000, 0x0000000087c00000, 0x0000000087c00000|100%| E|CS|TAMS 0x0000000087b00000, 0x0000000087b00000| Complete 
| 100|0x0000000087c00000, 0x0000000087d00000, 0x0000000087d00000|100%| S|CS|TAMS 0x0000000087c00000, 0x0000000087c00000| Complete 
| 101|0x0000000087d00000, 0x0000000087e00000, 0x0000000087e00000|100%| S|CS|TAMS 0x0000000087d00000, 0x0000000087d00000| Complete 
| 102|0x0000000087e00000, 0x0000000087f00000, 0x0000000087f00000|100%| S|CS|TAMS 0x0000000087e00000, 0x0000000087e00000| Complete 
| 103|0x0000000087f00000, 0x0000000088000000, 0x0000000088000000|100%| S|CS|TAMS 0x0000000087f00000, 0x0000000087f00000| Complete 
| 104|0x0000000088000000, 0x0000000088100000, 0x0000000088100000|100%| S|CS|TAMS 0x0000000088000000, 0x0000000088000000| Complete 
| 105|0x0000000088100000, 0x0000000088200000, 0x0000000088200000|100%| E|CS|TAMS 0x0000000088100000, 0x0000000088100000| Complete 
| 106|0x0000000088200000, 0x0000000088300000, 0x0000000088300000|100%| E|CS|TAMS 0x0000000088200000, 0x0000000088200000| Complete 
| 107|0x0000000088300000, 0x0000000088400000, 0x0000000088400000|100%| E|CS|TAMS 0x0000000088300000, 0x0000000088300000| Complete 
| 108|0x0000000088400000, 0x0000000088500000, 0x0000000088500000|100%| E|CS|TAMS 0x0000000088400000, 0x0000000088400000| Complete 
| 109|0x0000000088500000, 0x0000000088600000, 0x0000000088600000|100%| E|CS|TAMS 0x0000000088500000, 0x0000000088500000| Complete 
| 110|0x0000000088600000, 0x0000000088700000, 0x0000000088700000|100%| E|CS|TAMS 0x0000000088600000, 0x0000000088600000| Complete 
| 111|0x0000000088700000, 0x0000000088800000, 0x0000000088800000|100%| E|CS|TAMS 0x0000000088700000, 0x0000000088700000| Complete 
| 112|0x0000000088800000, 0x0000000088900000, 0x0000000088900000|100%| E|CS|TAMS 0x0000000088800000, 0x0000000088800000| Complete 
| 113|0x0000000088900000, 0x0000000088a00000, 0x0000000088a00000|100%| E|CS|TAMS 0x0000000088900000, 0x0000000088900000| Complete 
| 114|0x0000000088a00000, 0x0000000088b00000, 0x0000000088b00000|100%| E|CS|TAMS 0x0000000088a00000, 0x0000000088a00000| Complete 
| 115|0x0000000088b00000, 0x0000000088c00000, 0x0000000088c00000|100%| E|CS|TAMS 0x0000000088b00000, 0x0000000088b00000| Complete 
| 116|0x0000000088c00000, 0x0000000088d00000, 0x0000000088d00000|100%| E|CS|TAMS 0x0000000088c00000, 0x0000000088c00000| Complete 
| 117|0x0000000088d00000, 0x0000000088e00000, 0x0000000088e00000|100%| E|CS|TAMS 0x0000000088d00000, 0x0000000088d00000| Complete 
| 118|0x0000000088e00000, 0x0000000088f00000, 0x0000000088f00000|100%| E|CS|TAMS 0x0000000088e00000, 0x0000000088e00000| Complete 
| 119|0x0000000088f00000, 0x0000000089000000, 0x0000000089000000|100%| E|CS|TAMS 0x0000000088f00000, 0x0000000088f00000| Complete 
| 120|0x0000000089000000, 0x0000000089100000, 0x0000000089100000|100%| E|CS|TAMS 0x0000000089000000, 0x0000000089000000| Complete 
| 121|0x0000000089100000, 0x0000000089200000, 0x0000000089200000|100%| E|CS|TAMS 0x0000000089100000, 0x0000000089100000| Complete 
| 122|0x0000000089200000, 0x0000000089300000, 0x0000000089300000|100%| E|CS|TAMS 0x0000000089200000, 0x0000000089200000| Complete 
| 123|0x0000000089300000, 0x0000000089400000, 0x0000000089400000|100%| E|CS|TAMS 0x0000000089300000, 0x0000000089300000| Complete 
| 124|0x0000000089400000, 0x0000000089500000, 0x0000000089500000|100%| E|CS|TAMS 0x0000000089400000, 0x0000000089400000| Complete 
| 125|0x0000000089500000, 0x0000000089600000, 0x0000000089600000|100%| E|CS|TAMS 0x0000000089500000, 0x0000000089500000| Complete 
| 126|0x0000000089600000, 0x0000000089700000, 0x0000000089700000|100%| E|CS|TAMS 0x0000000089600000, 0x0000000089600000| Complete 
| 127|0x0000000089700000, 0x0000000089800000, 0x0000000089800000|100%| E|CS|TAMS 0x0000000089700000, 0x0000000089700000| Complete 

Card table byte_map: [0x000001ac718f0000,0x000001ac71cf0000] _byte_map_base: 0x000001ac714e4000

Marking Bits (Prev, Next): (CMBitMap*) 0x000001ac5a21c4a8, (CMBitMap*) 0x000001ac5a21c4e0
 Prev Bits: [0x000001ac720f0000, 0x000001ac74090000)
 Next Bits: [0x000001ac74090000, 0x000001ac76030000)

Polling page: 0x000001ac580d0000

Metaspace:

Usage:
  Non-class:     33.81 MB capacity,    33.26 MB ( 98%) used,   463.88 KB (  1%) free+waste,   108.19 KB ( <1%) overhead. 
      Class:      4.78 MB capacity,     4.44 MB ( 93%) used,   290.30 KB (  6%) free+waste,    50.44 KB (  1%) overhead. 
       Both:     38.59 MB capacity,    37.70 MB ( 98%) used,   754.18 KB (  2%) free+waste,   158.63 KB ( <1%) overhead. 

Virtual space:
  Non-class space:       34.00 MB reserved,      33.92 MB (>99%) committed 
      Class space:        1.00 GB reserved,       4.88 MB ( <1%) committed 
             Both:        1.03 GB reserved,      38.80 MB (  4%) committed 

Chunk freelists:
   Non-Class:  5.75 KB
       Class:  640 bytes
        Both:  6.38 KB

CodeHeap 'non-profiled nmethods': size=120064Kb used=1994Kb max_used=1994Kb free=118069Kb
 bounds [0x000001ac69fb0000, 0x000001ac6a220000, 0x000001ac714f0000]
CodeHeap 'profiled nmethods': size=120000Kb used=9777Kb max_used=9777Kb free=110223Kb
 bounds [0x000001ac62a80000, 0x000001ac63410000, 0x000001ac69fb0000]
CodeHeap 'non-nmethods': size=5696Kb used=1148Kb max_used=1187Kb free=4547Kb
 bounds [0x000001ac624f0000, 0x000001ac62760000, 0x000001ac62a80000]
 total_blobs=5427 nmethods=3960 adapters=401
 compilation: enabled
              stopped_count=0, restarted_count=0
 full_count=0

Compilation events (10 events):
Event: 20.990 Thread 0x000001ac78a3d000 3914       3       org.springframework.core.annotation.AnnotatedElementUtils$MergedAnnotationAttributesProcessor::<init> (41 bytes)
Event: 20.991 Thread 0x000001ac78a3d000 nmethod 3914 0x000001ac633bf910 code [0x000001ac633bfb00, 0x000001ac633c0018]
Event: 20.994 Thread 0x000001ac78a3d000 3915       3       java.lang.Boolean::equals (29 bytes)
Event: 20.995 Thread 0x000001ac78a3d000 nmethod 3915 0x000001ac633c0190 code [0x000001ac633c0360, 0x000001ac633c0778]
Event: 21.002 Thread 0x000001ac78a3d000 3916   !   3       org.springframework.core.annotation.AnnotatedElementUtils::searchWithFindSemantics (774 bytes)
Event: 21.007 Thread 0x000001ac78a3d000 nmethod 3916 0x000001ac633c0890 code [0x000001ac633c0ea0, 0x000001ac633c44b0]
Event: 21.008 Thread 0x000001ac78a3d000 3917       3       org.springframework.cglib.core.EmitUtils::getSwitchKeys (59 bytes)
Event: 21.008 Thread 0x000001ac78a3d000 nmethod 3917 0x000001ac633c6010 code [0x000001ac633c6240, 0x000001ac633c6aa0]
Event: 21.008 Thread 0x000001ac78a3d000 3918       3       java.util.Arrays::sort (13 bytes)
Event: 21.009 Thread 0x000001ac78a3d000 nmethod 3918 0x000001ac633c6d10 code [0x000001ac633c6ec0, 0x000001ac633c7050]

GC Heap History (10 events):
Event: 6.122 GC heap before
{Heap before GC invocations=4 (full 0):
 garbage-first heap   total 131072K, used 29589K [0x0000000081800000, 0x0000000100000000)
  region size 1024K, 24 young (24576K), 2 survivors (2048K)
 Metaspace       used 17605K, capacity 17841K, committed 17920K, reserved 1064960K
  class space    used 1899K, capacity 1993K, committed 2048K, reserved 1048576K
}
Event: 6.129 GC heap after
{Heap after GC invocations=5 (full 0):
 garbage-first heap   total 131072K, used 7739K [0x0000000081800000, 0x0000000100000000)
  region size 1024K, 3 young (3072K), 3 survivors (3072K)
 Metaspace       used 17605K, capacity 17841K, committed 17920K, reserved 1064960K
  class space    used 1899K, capacity 1993K, committed 2048K, reserved 1048576K
}
Event: 6.949 GC heap before
{Heap before GC invocations=5 (full 0):
 garbage-first heap   total 131072K, used 21051K [0x0000000081800000, 0x0000000100000000)
  region size 1024K, 18 young (18432K), 3 survivors (3072K)
 Metaspace       used 20831K, capacity 21126K, committed 21296K, reserved 1069056K
  class space    used 2265K, capacity 2368K, committed 2432K, reserved 1048576K
}
Event: 6.956 GC heap after
{Heap after GC invocations=6 (full 0):
 garbage-first heap   total 131072K, used 8178K [0x0000000081800000, 0x0000000100000000)
  region size 1024K, 3 young (3072K), 3 survivors (3072K)
 Metaspace       used 20831K, capacity 21126K, committed 21296K, reserved 1069056K
  class space    used 2265K, capacity 2368K, committed 2432K, reserved 1048576K
}
Event: 11.607 GC heap before
{Heap before GC invocations=7 (full 0):
 garbage-first heap   total 131072K, used 60402K [0x0000000081800000, 0x0000000100000000)
  region size 1024K, 54 young (55296K), 3 survivors (3072K)
 Metaspace       used 29874K, capacity 30535K, committed 30768K, reserved 1077248K
  class space    used 3441K, capacity 3702K, committed 3712K, reserved 1048576K
}
Event: 11.623 GC heap after
{Heap after GC invocations=8 (full 0):
 garbage-first heap   total 131072K, used 10574K [0x0000000081800000, 0x0000000100000000)
  region size 1024K, 5 young (5120K), 5 survivors (5120K)
 Metaspace       used 29874K, capacity 30535K, committed 30768K, reserved 1077248K
  class space    used 3441K, capacity 3702K, committed 3712K, reserved 1048576K
}
Event: 17.367 GC heap before
{Heap before GC invocations=8 (full 0):
 garbage-first heap   total 131072K, used 77134K [0x0000000081800000, 0x0000000100000000)
  region size 1024K, 70 young (71680K), 5 survivors (5120K)
 Metaspace       used 33509K, capacity 34277K, committed 34352K, reserved 1079296K
  class space    used 3887K, capacity 4188K, committed 4224K, reserved 1048576K
}
Event: 17.393 GC heap after
{Heap after GC invocations=9 (full 0):
 garbage-first heap   total 131072K, used 14224K [0x0000000081800000, 0x0000000100000000)
  region size 1024K, 8 young (8192K), 8 survivors (8192K)
 Metaspace       used 33509K, capacity 34277K, committed 34352K, reserved 1079296K
  class space    used 3887K, capacity 4188K, committed 4224K, reserved 1048576K
}
Event: 18.438 GC heap before
{Heap before GC invocations=9 (full 0):
 garbage-first heap   total 131072K, used 36752K [0x0000000081800000, 0x0000000100000000)
  region size 1024K, 31 young (31744K), 8 survivors (8192K)
 Metaspace       used 34970K, capacity 35769K, committed 35888K, reserved 1081344K
  class space    used 4104K, capacity 4421K, committed 4480K, reserved 1048576K
}
Event: 18.467 GC heap after
{Heap after GC invocations=10 (full 0):
 garbage-first heap   total 131072K, used 15289K [0x0000000081800000, 0x0000000100000000)
  region size 1024K, 5 young (5120K), 5 survivors (5120K)
 Metaspace       used 34970K, capacity 35769K, committed 35888K, reserved 1081344K
  class space    used 4104K, capacity 4421K, committed 4480K, reserved 1048576K
}

Deoptimization events (10 events):
Event: 15.785 Thread 0x000001ac5a1e1000 Uncommon trap: reason=array_check action=maybe_recompile pc=0x000001ac6a115120 method=java.util.AbstractCollection.toArray([Ljava/lang/Object;)[Ljava/lang/Object; @ 116 c2
Event: 16.189 Thread 0x000001ac5a1e1000 Uncommon trap: reason=unstable_if action=reinterpret pc=0x000001ac6a089b28 method=org.springframework.boot.context.properties.source.ConfigurationPropertyName.equals(Ljava/lang/Object;)Z @ 90 c2
Event: 18.889 Thread 0x000001ac5a1e1000 Uncommon trap: reason=unstable_if action=reinterpret pc=0x000001ac6a10f67c method=java.util.LinkedList.node(I)Ljava/util/LinkedList$Node; @ 49 c2
Event: 20.252 Thread 0x000001ac5a1e1000 Uncommon trap: reason=bimorphic_or_optimized_type_check action=maybe_recompile pc=0x000001ac6a193cd4 method=org.springframework.beans.factory.support.AbstractAutowireCapableBeanFactory.predictBeanType(Ljava/lang/String;Lorg/springframework/beans/factory/s
Event: 20.252 Thread 0x000001ac5a1e1000 Uncommon trap: reason=bimorphic_or_optimized_type_check action=maybe_recompile pc=0x000001ac6a193cd4 method=org.springframework.beans.factory.support.AbstractAutowireCapableBeanFactory.predictBeanType(Ljava/lang/String;Lorg/springframework/beans/factory/s
Event: 20.253 Thread 0x000001ac5a1e1000 Uncommon trap: reason=bimorphic_or_optimized_type_check action=maybe_recompile pc=0x000001ac6a193cd4 method=org.springframework.beans.factory.support.AbstractAutowireCapableBeanFactory.predictBeanType(Ljava/lang/String;Lorg/springframework/beans/factory/s
Event: 20.253 Thread 0x000001ac5a1e1000 Uncommon trap: reason=bimorphic_or_optimized_type_check action=maybe_recompile pc=0x000001ac6a193cd4 method=org.springframework.beans.factory.support.AbstractAutowireCapableBeanFactory.predictBeanType(Ljava/lang/String;Lorg/springframework/beans/factory/s
Event: 20.266 Thread 0x000001ac5a1e1000 Uncommon trap: reason=unloaded action=reinterpret pc=0x000001ac6a1224c4 method=java.lang.Class.createAnnotationData(I)Ljava/lang/Class$AnnotationData; @ 98 c2
Event: 20.802 Thread 0x000001ac5a1e1000 Uncommon trap: reason=unstable_if action=reinterpret pc=0x000001ac6a17e814 method=org.springframework.cglib.core.TypeUtils.ICONST(I)I @ 1 c2
Event: 20.967 Thread 0x000001ac5a1e1000 Uncommon trap: reason=unstable_if action=reinterpret pc=0x000001ac6a15843c method=java.io.WinNTFileSystem.isLetter(C)Z @ 3 c2

Classes redefined (0 events):
No events

Internal exceptions (10 events):
Event: 20.204 Thread 0x000001ac5a1e1000 Exception <a 'java/lang/ClassNotFoundException'{0x00000000878ab880}: org/springframework/aop/aspectj/annotation/AnnotationAwareAspectJAutoProxyCreatorCustomizer> (0x00000000878ab880) thrown at [t:/workspace/open/src/hotspot/share/classfile/systemDictionar
Event: 20.217 Thread 0x000001ac5a1e1000 Exception <a 'java/lang/ClassNotFoundException'{0x00000000878d29e8}: org/springframework/beans/factory/config/SmartInstantiationAwareBeanPostProcessorCustomizer> (0x00000000878d29e8) thrown at [t:/workspace/open/src/hotspot/share/classfile/systemDictionar
Event: 20.219 Thread 0x000001ac5a1e1000 Exception <a 'java/lang/ClassNotFoundException'{0x00000000878e7258}: org/springframework/beans/factory/config/InstantiationAwareBeanPostProcessorCustomizer> (0x00000000878e7258) thrown at [t:/workspace/open/src/hotspot/share/classfile/systemDictionary.cpp
Event: 20.220 Thread 0x000001ac5a1e1000 Exception <a 'java/lang/ClassNotFoundException'{0x00000000878f97d8}: org/springframework/beans/factory/config/BeanPostProcessorCustomizer> (0x00000000878f97d8) thrown at [t:/workspace/open/src/hotspot/share/classfile/systemDictionary.cpp, line 231]
Event: 20.221 Thread 0x000001ac5a1e1000 Exception <a 'java/lang/ClassNotFoundException'{0x0000000087708ed0}: org/springframework/beans/factory/BeanFactoryAwareCustomizer> (0x0000000087708ed0) thrown at [t:/workspace/open/src/hotspot/share/classfile/systemDictionary.cpp, line 231]
Event: 20.221 Thread 0x000001ac5a1e1000 Exception <a 'java/lang/ClassNotFoundException'{0x0000000087716448}: org/springframework/beans/factory/AwareCustomizer> (0x0000000087716448) thrown at [t:/workspace/open/src/hotspot/share/classfile/systemDictionary.cpp, line 231]
Event: 20.222 Thread 0x000001ac5a1e1000 Exception <a 'java/lang/ClassNotFoundException'{0x00000000877219b0}: org/springframework/core/OrderedCustomizer> (0x00000000877219b0) thrown at [t:/workspace/open/src/hotspot/share/classfile/systemDictionary.cpp, line 231]
Event: 20.223 Thread 0x000001ac5a1e1000 Exception <a 'java/lang/ClassNotFoundException'{0x0000000087730100}: org/springframework/beans/factory/BeanClassLoaderAwareCustomizer> (0x0000000087730100) thrown at [t:/workspace/open/src/hotspot/share/classfile/systemDictionary.cpp, line 231]
Event: 20.223 Thread 0x000001ac5a1e1000 Exception <a 'java/lang/ClassNotFoundException'{0x000000008773cd48}: org/springframework/beans/factory/AwareCustomizer> (0x000000008773cd48) thrown at [t:/workspace/open/src/hotspot/share/classfile/systemDictionary.cpp, line 231]
Event: 20.224 Thread 0x000001ac5a1e1000 Exception <a 'java/lang/ClassNotFoundException'{0x000000008774a940}: org/springframework/aop/framework/AopInfrastructureBeanCustomizer> (0x000000008774a940) thrown at [t:/workspace/open/src/hotspot/share/classfile/systemDictionary.cpp, line 231]

Events (10 events):
Event: 20.963 loading class org/springframework/boot/autoconfigure/web/ServerProperties$Tomcat$Resource done
Event: 20.964 loading class org/springframework/boot/autoconfigure/web/ServerProperties$Jetty$Accesslog
Event: 20.964 loading class org/springframework/boot/autoconfigure/web/ServerProperties$Jetty$Accesslog done
Event: 20.966 loading class org/springframework/boot/autoconfigure/web/ServerProperties$Undertow$Accesslog
Event: 20.966 loading class org/springframework/boot/autoconfigure/web/ServerProperties$Undertow$Accesslog done
Event: 20.967 Thread 0x000001ac5a1e1000 Uncommon trap: trap_request=0xffffff4d fr.pc=0x000001ac6a15843c relative=0x00000000000002dc
Event: 20.967 Thread 0x000001ac5a1e1000 DEOPT PACKING pc=0x000001ac6a15843c sp=0x000000266f0fc5b0
Event: 20.967 Thread 0x000001ac5a1e1000 DEOPT UNPACKING pc=0x000001ac62518329 sp=0x000000266f0fc4d0 mode 2
Event: 20.967 loading class org/springframework/boot/context/properties/NestedConfigurationProperty
Event: 20.967 loading class org/springframework/boot/context/properties/NestedConfigurationProperty done


Dynamic libraries:
0x00007ff633390000 - 0x00007ff6333d7000 	C:\Users\Stephen\scoop\apps\oraclejdk11\11.0.1-13\bin\java.exe
0x00007ff901590000 - 0x00007ff901771000 	C:\WINDOWS\SYSTEM32\ntdll.dll
0x00007ff900800000 - 0x00007ff9008b2000 	C:\WINDOWS\System32\KERNEL32.DLL
0x00007ff8fe300000 - 0x00007ff8fe573000 	C:\WINDOWS\System32\KERNELBASE.dll
0x00007ff900740000 - 0x00007ff9007e1000 	C:\WINDOWS\System32\ADVAPI32.dll
0x00007ff900260000 - 0x00007ff9002fe000 	C:\WINDOWS\System32\msvcrt.dll
0x00007ff9006a0000 - 0x00007ff9006fb000 	C:\WINDOWS\System32\sechost.dll
0x00007ff900a20000 - 0x00007ff900b44000 	C:\WINDOWS\System32\RPCRT4.dll
0x00007ff900310000 - 0x00007ff9004a0000 	C:\WINDOWS\System32\USER32.dll
0x00007ff8fe920000 - 0x00007ff8fe940000 	C:\WINDOWS\System32\win32u.dll
0x00007ff900710000 - 0x00007ff900738000 	C:\WINDOWS\System32\GDI32.dll
0x00007ff8fe680000 - 0x00007ff8fe812000 	C:\WINDOWS\System32\gdi32full.dll
0x00007ff8fdb50000 - 0x00007ff8fdbef000 	C:\WINDOWS\System32\msvcp_win.dll
0x00007ff8fe820000 - 0x00007ff8fe91a000 	C:\WINDOWS\System32\ucrtbase.dll
0x00007ff8e22a0000 - 0x00007ff8e2509000 	C:\WINDOWS\WinSxS\amd64_microsoft.windows.common-controls_6595b64144ccf1df_6.0.17134.556_none_fb439e4b3064774e\COMCTL32.dll
0x00007ff900b50000 - 0x00007ff900e72000 	C:\WINDOWS\System32\combase.dll
0x00007ff8fe9a0000 - 0x00007ff8fea1a000 	C:\WINDOWS\System32\bcryptPrimitives.dll
0x00007ff8ee0b0000 - 0x00007ff8ee0ba000 	C:\WINDOWS\SYSTEM32\VERSION.dll
0x00007ff9010e0000 - 0x00007ff90110d000 	C:\WINDOWS\System32\IMM32.DLL
0x00007ff8e9560000 - 0x00007ff8e9576000 	C:\Users\Stephen\scoop\apps\oraclejdk11\11.0.1-13\bin\vcruntime140.dll
0x00007ff8cc9b0000 - 0x00007ff8cca5a000 	C:\Users\Stephen\scoop\apps\oraclejdk11\11.0.1-13\bin\msvcp140.dll
0x00007ff8c7f90000 - 0x00007ff8c8ad2000 	C:\Users\Stephen\scoop\apps\oraclejdk11\11.0.1-13\bin\server\jvm.dll
0x00007ff900300000 - 0x00007ff900308000 	C:\WINDOWS\System32\PSAPI.DLL
0x00007ff8eac10000 - 0x00007ff8eac19000 	C:\WINDOWS\SYSTEM32\WSOCK32.dll
0x00007ff900540000 - 0x00007ff9005ac000 	C:\WINDOWS\System32\WS2_32.dll
0x00007ff8fa920000 - 0x00007ff8fa943000 	C:\WINDOWS\SYSTEM32\WINMM.dll
0x00007ff8fa450000 - 0x00007ff8fa47a000 	C:\WINDOWS\SYSTEM32\WINMMBASE.dll
0x00007ff8fe630000 - 0x00007ff8fe679000 	C:\WINDOWS\System32\cfgmgr32.dll
0x00007ff8fd940000 - 0x00007ff8fd951000 	C:\WINDOWS\System32\kernel.appcore.dll
0x00007ff8e9540000 - 0x00007ff8e9551000 	C:\Users\Stephen\scoop\apps\oraclejdk11\11.0.1-13\bin\verify.dll
0x00007ff8f7080000 - 0x00007ff8f7249000 	C:\WINDOWS\SYSTEM32\DBGHELP.DLL
0x00007ff8f7a30000 - 0x00007ff8f7a59000 	C:\WINDOWS\SYSTEM32\dbgcore.DLL
0x00007ff8e0730000 - 0x00007ff8e0759000 	C:\Users\Stephen\scoop\apps\oraclejdk11\11.0.1-13\bin\java.dll
0x00007ff8ec4e0000 - 0x00007ff8ec50f000 	C:\Users\Stephen\scoop\apps\oraclejdk11\11.0.1-13\bin\instrument.dll
0x00007ff8e0710000 - 0x00007ff8e0726000 	C:\Users\Stephen\scoop\apps\oraclejdk11\11.0.1-13\bin\zip.dll
0x00007ff8f9760000 - 0x00007ff8f976a000 	C:\Users\Stephen\scoop\apps\oraclejdk11\11.0.1-13\bin\jimage.dll
0x00007ff8fecb0000 - 0x00007ff9000f0000 	C:\WINDOWS\System32\SHELL32.dll
0x00007ff8fec00000 - 0x00007ff8feca9000 	C:\WINDOWS\System32\shcore.dll
0x00007ff8fdbf0000 - 0x00007ff8fe2fd000 	C:\WINDOWS\System32\windows.storage.dll
0x00007ff901080000 - 0x00007ff9010d1000 	C:\WINDOWS\System32\shlwapi.dll
0x00007ff8fd8c0000 - 0x00007ff8fd8df000 	C:\WINDOWS\System32\profapi.dll
0x00007ff8fd8f0000 - 0x00007ff8fd93c000 	C:\WINDOWS\System32\powrprof.dll
0x00007ff8fd8e0000 - 0x00007ff8fd8ea000 	C:\WINDOWS\System32\FLTLIB.DLL
0x00007ff8d9ff0000 - 0x00007ff8da009000 	C:\Users\Stephen\scoop\apps\oraclejdk11\11.0.1-13\bin\net.dll
0x00007ff8f8650000 - 0x00007ff8f872d000 	C:\WINDOWS\SYSTEM32\WINHTTP.dll
0x00007ff8fd0c0000 - 0x00007ff8fd126000 	C:\WINDOWS\system32\mswsock.dll
0x00007ff8cfa80000 - 0x00007ff8cfa93000 	C:\Users\Stephen\scoop\apps\oraclejdk11\11.0.1-13\bin\nio.dll
0x00007ff8f8080000 - 0x00007ff8f809a000 	C:\Users\Stephen\AppData\Local\JetBrains\Toolbox\apps\IDEA-C\ch-0\183.4886.37\bin\breakgen64.dll
0x00007ff8fce40000 - 0x00007ff8fce78000 	C:\WINDOWS\SYSTEM32\IPHLPAPI.DLL
0x00007ff9007f0000 - 0x00007ff9007f8000 	C:\WINDOWS\System32\NSI.dll
0x00007ff8f62c0000 - 0x00007ff8f62d6000 	C:\WINDOWS\SYSTEM32\dhcpcsvc6.DLL
0x00007ff8f6a70000 - 0x00007ff8f6a8a000 	C:\WINDOWS\SYSTEM32\dhcpcsvc.DLL
0x00007ff8dcd00000 - 0x00007ff8dcd09000 	C:\Users\Stephen\scoop\apps\oraclejdk11\11.0.1-13\bin\management.dll
0x00007ff8d81b0000 - 0x00007ff8d81bc000 	C:\Users\Stephen\scoop\apps\oraclejdk11\11.0.1-13\bin\management_ext.dll
0x00007ff8fce90000 - 0x00007ff8fcf4e000 	C:\WINDOWS\SYSTEM32\DNSAPI.dll
0x00007ff8f6310000 - 0x00007ff8f631a000 	C:\Windows\System32\rasadhlp.dll
0x00007ff8f2c00000 - 0x00007ff8f2c72000 	C:\WINDOWS\System32\fwpuclnt.dll
0x00007ff8fd3a0000 - 0x00007ff8fd3c5000 	C:\WINDOWS\SYSTEM32\bcrypt.dll
0x00007ff8c1600000 - 0x00007ff8c1616000 	C:\WINDOWS\system32\napinsp.dll
0x00007ff8c2be0000 - 0x00007ff8c2bfa000 	C:\WINDOWS\system32\pnrpnsp.dll
0x00007ff8fa430000 - 0x00007ff8fa449000 	C:\WINDOWS\system32\NLAapi.dll
0x00007ff8dfe40000 - 0x00007ff8dfe4e000 	C:\WINDOWS\System32\winrnr.dll
0x00007ff8fd270000 - 0x00007ff8fd287000 	C:\WINDOWS\SYSTEM32\CRYPTSP.dll
0x00007ff8fcca0000 - 0x00007ff8fccd3000 	C:\WINDOWS\system32\rsaenh.dll
0x00007ff8fd7d0000 - 0x00007ff8fd7f8000 	C:\WINDOWS\SYSTEM32\USERENV.dll
0x00007ff8fd290000 - 0x00007ff8fd29b000 	C:\WINDOWS\SYSTEM32\CRYPTBASE.dll

dbghelp: loaded successfully - version: 4.0.5 - missing functions: none
symbol engine: initialized successfully - sym options: 0x614 - pdb path: .;C:\Users\Stephen\scoop\apps\oraclejdk11\11.0.1-13\bin;C:\WINDOWS\SYSTEM32;C:\WINDOWS\WinSxS\amd64_microsoft.windows.common-controls_6595b64144ccf1df_6.0.17134.556_none_fb439e4b3064774e;C:\Users\Stephen\scoop\apps\oraclejdk11\11.0.1-13\bin\server;C:\Users\Stephen\AppData\Local\JetBrains\Toolbox\apps\IDEA-C\ch-0\183.4886.37\bin

VM Arguments:
jvm_args: -javaagent:C:\Users\Stephen\AppData\Local\JetBrains\Toolbox\apps\IDEA-C\ch-0\183.4886.37\lib\idea_rt.jar=60016:C:\Users\Stephen\AppData\Local\JetBrains\Toolbox\apps\IDEA-C\ch-0\183.4886.37\bin -Dfile.encoding=UTF-8 
java_command: com.interswitch.testclientserver.TestClientServerApplication
java_class_path (initial): C:\Users\Stephen\IdeaProjects\test-client-server\target\classes;C:\Users\Stephen\.m2\repository\org\springframework\cloud\spring-cloud-starter-netflix-eureka-client\2.1.0.RC3\spring-cloud-starter-netflix-eureka-client-2.1.0.RC3.jar;C:\Users\Stephen\.m2\repository\org\springframework\cloud\spring-cloud-starter\2.1.0.RC2\spring-cloud-starter-2.1.0.RC2.jar;C:\Users\Stephen\.m2\repository\org\springframework\cloud\spring-cloud-context\2.1.0.RC2\spring-cloud-context-2.1.0.RC2.jar;C:\Users\Stephen\.m2\repository\org\springframework\security\spring-security-rsa\1.0.7.RELEASE\spring-security-rsa-1.0.7.RELEASE.jar;C:\Users\Stephen\.m2\repository\org\bouncycastle\bcpkix-jdk15on\1.60\bcpkix-jdk15on-1.60.jar;C:\Users\Stephen\.m2\repository\org\bouncycastle\bcprov-jdk15on\1.60\bcprov-jdk15on-1.60.jar;C:\Users\Stephen\.m2\repository\org\springframework\cloud\spring-cloud-netflix-hystrix\2.1.0.RC3\spring-cloud-netflix-hystrix-2.1.0.RC3.jar;C:\Users\Stephen\.m2\repository\org\springframework\boot\spring-boot-starter-aop\2.1.2.RELEASE\spring-boot-starter-aop-2.1.2.RELEASE.jar;C:\Users\Stephen\.m2\repository\org\aspectj\aspectjweaver\1.9.2\aspectjweaver-1.9.2.jar;C:\Users\Stephen\.m2\repository\org\springframework\cloud\spring-cloud-netflix-eureka-client\2.1.0.RC3\spring-cloud-netflix-eureka-client-2.1.0.RC3.jar;C:\Users\Stephen\.m2\repository\com\netflix\eureka\eureka-client\1.9.8\eureka-client-1.9.8.jar;C:\Users\Stephen\.m2\repository\org\codehaus\jettison\jettison\1.3.7\jettison-1.3.7.jar;C:\Users\Stephen\.m2\repository\stax\stax-api\1.0.1\stax-api-1.0.1.jar;C:\Users\Stephen\.m2\repository\com\netflix\netflix-commons\netflix-eventbus\0.3.0\netflix-eventbus-0.3.0.jar;C:\Users\Stephen\.m2\repository\com\netflix\netflix-commons\netflix-infix\0.3.0\netflix-infix-0.3.0.jar;C:\Users\Stephen\.m2\repository\commons-jxpath\commons-jxpath\1.3\commons-jxpath-1.3.jar;C:\Users\Stephen\.m2\repository\joda-time\joda-time\2.10.1\joda-time-2.10.1.jar;C:\Users\Stephen\.
Launcher Type: SUN_STANDARD

[Global flags]
     intx CICompilerCount                          = 2                                         {product} {ergonomic}
     uint ConcGCThreads                            = 1                                         {product} {ergonomic}
     uint G1ConcRefinementThreads                  = 2                                         {product} {ergonomic}
   size_t G1HeapRegionSize                         = 1048576                                   {product} {ergonomic}
    uintx GCDrainStackTargetSize                   = 64                                        {product} {ergonomic}
   size_t InitialHeapSize                          = 134217728                                 {product} {ergonomic}
   size_t MarkStackSize                            = 4194304                                   {product} {ergonomic}
   size_t MaxHeapSize                              = 2122317824                                {product} {ergonomic}
   size_t MaxNewSize                               = 1272971264                                {product} {ergonomic}
   size_t MinHeapDeltaBytes                        = 1048576                                   {product} {ergonomic}
    uintx NonNMethodCodeHeapSize                   = 5824844                                {pd product} {ergonomic}
    uintx NonProfiledCodeHeapSize                  = 122916698                              {pd product} {ergonomic}
    uintx ProfiledCodeHeapSize                     = 122916698                              {pd product} {ergonomic}
    uintx ReservedCodeCacheSize                    = 251658240                              {pd product} {ergonomic}
     bool SegmentedCodeCache                       = true                                      {product} {ergonomic}
     bool UseCompressedClassPointers               = true                                 {lp64_product} {ergonomic}
     bool UseCompressedOops                        = true                                 {lp64_product} {ergonomic}
     bool UseG1GC                                  = true                                      {product} {ergonomic}
     bool UseLargePagesIndividualAllocation        = false                                  {pd product} {ergonomic}

Logging:
Log output configuration:
 #0: stdout all=warning uptime,level,tags
 #1: stderr all=off uptime,level,tags

Environment Variables:
JAVA_HOME=C:\Users\Stephen\scoop\apps\oraclejdk11\current
CLASSPATH=.
PATH=C:\ProgramData\DockerDesktop\version-bin;C:\Program Files\Docker\Docker\Resources\bin;C:\ProgramData\Boxstarter;C:\Program Files (x86)\Common Files\Oracle\Java\javapath;C:\Program Files (x86)\Intel\iCLS Client;C:\Program Files\Intel\iCLS Client;C:\WINDOWS\system32;C:\WINDOWS;C:\WINDOWS\System32\Wbem;C:\WINDOWS\System32\WindowsPowerShell\v1.0;C:\Program Files (x86)\Intel\OpenCL SDK\2.0\bin\x86;C:\Program Files (x86)\Intel\OpenCL SDK\2.0\bin\x64;C:\WINDOWS\idmu\common;C:\Program Files\Microsoft SQL Server\120\Tools\Binn;C:\Program Files\Microsoft DNX\Dnvm;C:\Program Files\Microsoft SQL Server\Client SDK\ODBC\110\Tools\Binn;C:\Program Files (x86)\Microsoft SQL Server\120\Tools\Binn;C:\Program Files\Microsoft SQL Server\120\DTS\Binn;C:\Program Files (x86)\Microsoft SQL Server\Client SDK\ODBC\110\Tools\Binn;C:\Program Files (x86)\Microsoft SQL Server\130\Tools\Binn\ManagementStudio;C:\Program Files (x86)\Microsoft SQL Server\130\Tools\Binn;C:\Program Files (x86)\Microsoft SQL Server\130\DTS\Binn;C:\Program Files\Intel\Intel(R) Management Engine Components\DAL;C:\Program Files\Intel\Intel(R) Management Engine Components\IPT;C:\Program Files (x86)\Intel\Intel(R) Management Engine Components\DAL;C:\Program Files (x86)\Intel\Intel(R) Management Engine Components\IPT;C:\Program Files\Microsoft\Web Platform Installer;C:\Program Files (x86)\GtkSharp\2.12\bin;C:\Program Files (x86)\Skype\Phone;C:\Program Files\Intel\WiFi\bin;C:\Program Files\Common Files\Intel\WirelessCommon;C:\Users\Stephen\.dnx\bin;C:\Program Files (x86)\Windows Kits\8.1\Windows Performance Toolkit;C:\Program Files\dotnet\;C:\WINDOWS\System32\WindowsPowerShell\v1.0\;C:\WINDOWS\System32\OpenSSH\;C:\Program Files (x86)\Microsoft SQL Server\Client SDK\ODBC\130\Tools\Binn\;C:\Program Files\Microsoft SQL Server\Client SDK\ODBC\130\Tools\Binn\;C:\Program Files (x86)\Microsoft SQL Server\140\Tools\Binn\;C:\Program Files (x86)\Microsoft SQL Server\140\DTS\Binn\;C:\Program Files (x86)\Microsoft SQL Server\140\Tools\B
USERNAME=Stephen
OS=Windows_NT
PROCESSOR_IDENTIFIER=Intel64 Family 6 Model 58 Stepping 9, GenuineIntel



---------------  S Y S T E M  ---------------

OS: Windows 10 , 64 bit Build 17134 (10.0.17134.556)

CPU:total 2 (initial active 2) (2 cores per cpu, 1 threads per core) family 6 model 58 stepping 9, cmov, cx8, fxsr, mmx, sse, sse2, sse3, ssse3, sse4.1, sse4.2, popcnt, clmul, erms, tsc, tscinvbit, tscinv

Memory: 4k page, system-wide physical 8092M (634M free)
TotalPageFile size 9116M (AvailPageFile size 2M)
current process WorkingSet (physical memory assigned to process): 202M, peak: 202M
current process commit charge ("private bytes"): 270M, peak: 275M

vm_info: Java HotSpot(TM) 64-Bit Server VM (11.0.1+13-LTS) for windows-amd64 JRE (11.0.1+13-LTS), built on Oct  6 2018 13:20:16 by "mach5one" with MS VC++ 15.5 (VS2017)

END.
